<?xml version="1.0" encoding="UTF-8"?>
<!-- Generated by org.testng.reporters.JUnitXMLReporter -->
<testsuite hostname="Kammy" ignored="0" name="Test" tests="1" failures="0" timestamp="09 May 2019 17:33:14 GMT" time="11.285" errors="0">
  <testcase name="@BeforeMethod initialize" time="0.047" classname="coreAction.Initialize">
    <failure type="java.lang.NullPointerException">
      <![CDATA[java.lang.NullPointerException
at com.google.common.base.Preconditions.checkNotNull(Preconditions.java:787)
at org.openqa.selenium.interactions.Actions.<init>(Actions.java:68)
at coreAction.ActionDriver.<init>(ActionDriver.java:18)
at coreAction.Initialize.initialize(Initialize.java:18)
... Removed 28 stack frames]]>
    </failure>
  </testcase> <!-- @BeforeMethod initialize -->
  <testcase name="@AfterClass tearDown" time="0.0" classname="junitRunner.Runner2">
    <skipped/>
  </testcase> <!-- @AfterClass tearDown -->
  <testcase name="login" time="0.0" classname="junitRunner.Runner2">
    <skipped/>
  </testcase> <!-- login -->
</testsuite> <!-- Test -->
