<?xml version="1.0" encoding="UTF-8"?>
<!-- Generated by org.testng.reporters.JUnitXMLReporter -->
<testsuite hostname="PDC2A-9J0N6C2" ignored="0" name="Test" tests="1" failures="1" timestamp="08 May 2019 11:32:42 GMT" time="171.036" errors="0">
  <testcase name="login" time="23.81" classname="junitRunner.Runner">
    <failure type="cucumber.runtime.CucumberException" message="java.lang.NullPointerException">
      <![CDATA[cucumber.runtime.CucumberException: java.lang.NullPointerException
at cucumber.api.testng.TestNGCucumberRunner.runCucumber(TestNGCucumberRunner.java:69)
at junitRunner.Runner.login(Runner.java:40)
Caused by: java.lang.NullPointerException
at defineStep.AmazonImplementation.user_enters_credentials(AmazonImplementation.java:25)
at ✽.When user enters credentials(amazonScenario.feature:6)
... Removed 25 stack frames]]>
    </failure>
  </testcase> <!-- login -->
</testsuite> <!-- Test -->
